TN:
SF:services\apiConfig.ts
FNF:0
FNH:0
DA:1,4
DA:3,4
DA:4,4
DA:5,4
LF:4
LH:4
BRF:0
BRH:0
end_of_record
TN:
SF:services\authService.ts
FN:13,haveToken
FN:14,(anonymous_1)
FN:20,requestToken
FN:21,(anonymous_3)
FN:41,(anonymous_4)
FN:56,refreshToken
FN:57,(anonymous_6)
FNF:7
FNH:7
FNDA:3,haveToken
FNDA:3,(anonymous_1)
FNDA:6,requestToken
FNDA:6,(anonymous_3)
FNDA:5,(anonymous_4)
FNDA:4,refreshToken
FNDA:4,(anonymous_6)
DA:14,3
DA:15,3
DA:16,2
DA:21,6
DA:22,6
DA:24,5
DA:32,2
DA:34,2
DA:36,1
DA:37,1
DA:42,5
DA:44,5
DA:45,1
DA:48,4
DA:49,1
DA:52,3
DA:57,4
DA:58,4
DA:59,4
DA:61,3
DA:69,2
DA:71,2
DA:73,1
DA:78,1
LF:24
LH:24
BRDA:34,0,0,1
BRDA:34,0,1,1
BRDA:34,1,0,2
BRDA:34,1,1,1
BRDA:44,2,0,1
BRDA:44,2,1,4
BRDA:44,3,0,5
BRDA:44,3,1,4
BRDA:48,4,0,1
BRDA:48,4,1,3
BRDA:59,5,0,1
BRDA:59,5,1,3
BRDA:71,6,0,1
BRDA:71,6,1,1
BRF:14
BRH:14
end_of_record
TN:
SF:services\checklistService.ts
FN:59,hydrateChecklistState
FN:64,(anonymous_1)
FN:68,(anonymous_2)
FN:69,(anonymous_3)
FN:72,(anonymous_4)
FN:88,buildChecklistPayload
FN:98,(anonymous_6)
FN:116,(anonymous_7)
FN:127,resolveChecklistDateChange
FN:128,(anonymous_9)
FN:133,saveWorkOrderData
FN:137,(anonymous_11)
FN:164,saveChecklistItems
FN:168,(anonymous_13)
FN:173,(anonymous_14)
FN:174,(anonymous_15)
FN:211,saveChecklistData
FN:216,(anonymous_17)
FNF:18
FNH:16
FNDA:1,hydrateChecklistState
FNDA:1,(anonymous_1)
FNDA:1,(anonymous_2)
FNDA:1,(anonymous_3)
FNDA:2,(anonymous_4)
FNDA:2,buildChecklistPayload
FNDA:2,(anonymous_6)
FNDA:2,(anonymous_7)
FNDA:2,resolveChecklistDateChange
FNDA:2,(anonymous_9)
FNDA:3,saveWorkOrderData
FNDA:3,(anonymous_11)
FNDA:2,saveChecklistItems
FNDA:2,(anonymous_13)
FNDA:1,(anonymous_14)
FNDA:1,(anonymous_15)
FNDA:0,saveChecklistData
FNDA:0,(anonymous_17)
DA:64,1
DA:65,1
DA:66,1
DA:68,1
DA:69,1
DA:72,1
DA:73,2
DA:75,2
DA:98,2
DA:99,2
DA:116,2
DA:128,2
DA:129,2
DA:137,3
DA:138,3
DA:140,2
DA:141,1
DA:148,1
DA:150,1
DA:168,2
DA:169,2
DA:170,2
DA:171,2
DA:173,1
DA:174,1
DA:177,2
DA:178,3
DA:179,3
DA:181,3
DA:182,1
DA:185,2
DA:188,2
DA:192,2
DA:202,2
DA:203,1
DA:205,1
DA:216,0
DA:217,0
DA:218,0
LF:39
LH:36
BRDA:78,0,0,2
BRDA:78,0,1,1
BRDA:102,1,0,1
BRDA:102,1,1,1
BRDA:120,2,0,1
BRDA:120,2,1,1
BRDA:121,3,0,1
BRDA:121,3,1,1
BRDA:129,4,0,2
BRDA:129,4,1,1
BRDA:140,5,0,1
BRDA:140,5,1,1
BRDA:154,6,0,1
BRDA:154,6,1,0
BRDA:157,7,0,0
BRDA:157,7,1,1
BRDA:179,8,0,3
BRDA:179,8,1,1
BRDA:181,9,0,1
BRDA:181,9,1,2
BRDA:185,10,0,1
BRDA:185,10,1,1
BRDA:187,11,0,1
BRDA:187,11,1,1
BRDA:188,12,0,1
BRDA:188,12,1,1
BRDA:190,13,0,1
BRDA:190,13,1,1
BRDA:193,14,0,2
BRDA:193,14,1,1
BRDA:193,14,2,1
BRDA:202,15,0,1
BRDA:202,15,1,1
BRF:33
BRH:31
end_of_record
TN:
SF:services\clientService.ts
FN:23,getAuthorizationHeaders
FN:35,buildQuery
FN:45,fetchClients
FN:46,(anonymous_3)
FN:61,fetchClientDetail
FN:62,(anonymous_5)
FN:77,createClient
FN:78,(anonymous_7)
FN:95,updateClient
FN:96,(anonymous_9)
FN:113,createClientAddress
FN:117,(anonymous_11)
FN:134,createClientServiceOrder
FN:138,(anonymous_13)
FNF:14
FNH:14
FNDA:6,getAuthorizationHeaders
FNDA:1,buildQuery
FNDA:1,fetchClients
FNDA:1,(anonymous_3)
FNDA:1,fetchClientDetail
FNDA:1,(anonymous_5)
FNDA:1,createClient
FNDA:1,(anonymous_7)
FNDA:1,updateClient
FNDA:1,(anonymous_9)
FNDA:1,createClientAddress
FNDA:1,(anonymous_11)
FNDA:1,createClientServiceOrder
FNDA:1,(anonymous_13)
DA:24,6
DA:26,6
DA:27,0
DA:30,6
DA:36,1
DA:38,1
DA:39,0
DA:42,1
DA:46,1
DA:47,1
DA:49,1
DA:57,1
DA:62,1
DA:63,1
DA:65,1
DA:73,1
DA:78,1
DA:79,1
DA:80,1
DA:82,1
DA:91,1
DA:96,1
DA:97,1
DA:98,1
DA:100,1
DA:109,1
DA:117,1
DA:118,1
DA:119,1
DA:121,1
DA:130,1
DA:138,1
DA:139,1
DA:140,1
DA:142,1
DA:151,1
LF:36
LH:34
BRDA:26,0,0,0
BRDA:26,0,1,6
BRDA:38,1,0,0
BRDA:38,1,1,1
BRDA:45,2,0,0
BRF:5
BRH:2
end_of_record
TN:
SF:services\controllerErrorService.ts
FN:10,executeControllerTask
FNF:1
FNH:1
FNDA:3,executeControllerTask
DA:14,3
DA:15,3
DA:17,2
DA:23,2
DA:24,1
DA:27,1
LF:6
LH:6
BRDA:23,0,0,1
BRDA:23,0,1,1
BRF:2
BRH:2
end_of_record
TN:
SF:services\imageService.ts
FN:8,base64ToUint8Array
FN:9,(anonymous_1)
FN:23,readImageAsUint8Array
FN:24,(anonymous_3)
FN:28,(anonymous_4)
FN:31,(anonymous_5)
FN:42,takePhoto
FN:43,(anonymous_7)
FNF:8
FNH:4
FNDA:1,base64ToUint8Array
FNDA:1,(anonymous_1)
FNDA:0,readImageAsUint8Array
FNDA:0,(anonymous_3)
FNDA:0,(anonymous_4)
FNDA:0,(anonymous_5)
FNDA:3,takePhoto
FNDA:3,(anonymous_7)
DA:9,1
DA:10,1
DA:11,1
DA:12,1
DA:13,1
DA:15,1
DA:16,1
DA:19,1
DA:24,0
DA:25,0
DA:26,0
DA:28,0
DA:29,0
DA:31,0
DA:32,0
DA:33,0
DA:36,0
DA:37,0
DA:43,3
DA:44,3
DA:46,3
DA:47,1
DA:50,2
DA:52,2
DA:53,1
DA:56,1
LF:26
LH:16
BRDA:46,0,0,1
BRDA:46,0,1,2
BRDA:52,1,0,1
BRDA:52,1,1,1
BRDA:56,2,0,1
BRDA:56,2,1,0
BRF:6
BRH:5
end_of_record
TN:
SF:services\managementService.ts
FN:29,getAuthorizationHeaders
FN:41,buildQuery
FN:51,fetchDashboard
FN:52,(anonymous_3)
FN:67,fetchClients
FN:68,(anonymous_5)
FN:83,fetchClientDetail
FN:84,(anonymous_7)
FN:99,fetchEmployees
FN:100,(anonymous_9)
FN:115,fetchEmployeeDetail
FN:116,(anonymous_11)
FN:131,toggleEmployeeStatus
FN:132,(anonymous_13)
FN:147,fetchChecklistItems
FN:148,(anonymous_15)
FN:163,fetchChecklistItemDetail
FN:164,(anonymous_17)
FN:179,toggleChecklistItemStatus
FN:180,(anonymous_19)
FN:195,loadManagementList
FN:196,(anonymous_21)
FN:208,loadManagementDetail
FN:209,(anonymous_23)
FN:221,toggleManagementStatus
FN:222,(anonymous_25)
FNF:26
FNH:26
FNDA:14,getAuthorizationHeaders
FNDA:5,buildQuery
FNDA:1,fetchDashboard
FNDA:1,(anonymous_3)
FNDA:2,fetchClients
FNDA:2,(anonymous_5)
FNDA:1,fetchClientDetail
FNDA:1,(anonymous_7)
FNDA:3,fetchEmployees
FNDA:3,(anonymous_9)
FNDA:1,fetchEmployeeDetail
FNDA:1,(anonymous_11)
FNDA:2,toggleEmployeeStatus
FNDA:2,(anonymous_13)
FNDA:1,fetchChecklistItems
FNDA:1,(anonymous_15)
FNDA:2,fetchChecklistItemDetail
FNDA:2,(anonymous_17)
FNDA:1,toggleChecklistItemStatus
FNDA:1,(anonymous_19)
FNDA:1,loadManagementList
FNDA:1,(anonymous_21)
FNDA:1,loadManagementDetail
FNDA:1,(anonymous_23)
FNDA:1,toggleManagementStatus
FNDA:1,(anonymous_25)
DA:30,14
DA:32,14
DA:33,1
DA:36,13
DA:42,5
DA:44,5
DA:45,3
DA:48,2
DA:52,1
DA:53,1
DA:55,1
DA:63,1
DA:68,2
DA:69,2
DA:71,1
DA:79,1
DA:84,1
DA:85,1
DA:87,1
DA:95,1
DA:100,3
DA:101,3
DA:103,3
DA:111,3
DA:116,1
DA:117,1
DA:119,1
DA:127,1
DA:132,2
DA:133,2
DA:135,2
DA:143,2
DA:148,1
DA:149,1
DA:151,1
DA:159,1
DA:164,2
DA:165,2
DA:167,2
DA:175,2
DA:180,1
DA:181,1
DA:183,1
DA:191,1
DA:196,1
DA:197,1
DA:199,1
DA:201,0
DA:203,0
DA:209,1
DA:210,1
DA:212,0
DA:214,1
DA:216,0
DA:222,1
DA:223,1
DA:225,1
DA:227,0
DA:229,0
LF:59
LH:53
BRDA:32,0,0,1
BRDA:32,0,1,13
BRDA:44,1,0,3
BRDA:44,1,1,2
BRDA:67,2,0,1
BRDA:99,3,0,2
BRDA:147,4,0,0
BRDA:195,5,0,0
BRDA:197,6,0,1
BRDA:197,6,1,0
BRDA:197,6,2,0
BRDA:210,7,0,0
BRDA:210,7,1,1
BRDA:210,7,2,0
BRDA:223,8,0,1
BRDA:223,8,1,0
BRDA:223,8,2,0
BRF:17
BRH:9
end_of_record
TN:
SF:services\networkService.ts
FN:24,httpRequest
FN:30,(anonymous_1)
FN:38,(anonymous_2)
FN:45,(anonymous_3)
FN:99,shouldRetryRequest
FN:111,shouldRetryError
FN:125,hasWebAccess
FN:126,(anonymous_7)
FNF:8
FNH:7
FNDA:18,httpRequest
FNDA:18,(anonymous_1)
FNDA:0,(anonymous_2)
FNDA:18,(anonymous_3)
FNDA:9,shouldRetryRequest
FNDA:6,shouldRetryError
FNDA:3,hasWebAccess
FNDA:3,(anonymous_7)
DA:11,1
DA:30,18
DA:31,18
DA:32,18
DA:33,8
DA:36,18
DA:37,18
DA:38,18
DA:40,18
DA:46,18
DA:49,12
DA:50,2
DA:51,2
DA:52,1
DA:60,1
DA:61,1
DA:65,10
DA:66,6
DA:67,6
DA:69,6
DA:70,4
DA:73,2
DA:76,4
DA:78,9
DA:79,3
DA:80,2
DA:83,1
DA:86,6
DA:87,2
DA:90,4
DA:92,18
DA:93,8
DA:100,9
DA:101,2
DA:104,7
DA:105,2
DA:108,5
DA:112,6
DA:113,2
DA:116,4
DA:117,2
DA:120,2
DA:126,3
DA:127,3
DA:129,2
LF:45
LH:45
BRDA:26,0,0,8
BRDA:27,1,0,8
BRDA:28,2,0,9
BRDA:32,3,0,8
BRDA:32,3,1,10
BRDA:37,4,0,18
BRDA:37,4,1,15
BRDA:43,5,0,4
BRDA:43,5,1,14
BRDA:49,6,0,2
BRDA:49,6,1,10
BRDA:49,7,0,12
BRDA:49,7,1,2
BRDA:65,8,0,6
BRDA:65,8,1,4
BRDA:67,9,0,6
BRDA:67,9,1,0
BRDA:69,10,0,4
BRDA:69,10,1,2
BRDA:78,11,0,3
BRDA:78,11,1,6
BRDA:78,12,0,9
BRDA:78,12,1,9
BRDA:79,13,0,2
BRDA:79,13,1,1
BRDA:86,14,0,2
BRDA:86,14,1,4
BRDA:92,15,0,8
BRDA:92,15,1,10
BRDA:100,16,0,2
BRDA:100,16,1,7
BRDA:104,17,0,2
BRDA:104,17,1,5
BRDA:108,18,0,5
BRDA:108,18,1,5
BRDA:108,18,2,4
BRDA:112,19,0,2
BRDA:112,19,1,4
BRDA:116,20,0,2
BRDA:116,20,1,2
BRDA:130,21,0,2
BRDA:130,21,1,2
BRF:42
BRH:41
end_of_record
TN:
SF:services\requestLoadingService.ts
FN:11,notifyListeners
FN:12,(anonymous_1)
FN:15,(anonymous_2)
FN:19,beginRequestLoading
FN:20,(anonymous_4)
FN:26,endRequestLoading
FN:27,(anonymous_6)
FN:33,subscribeRequestLoading
FN:34,(anonymous_8)
FN:38,(anonymous_9)
FN:39,(anonymous_10)
FNF:11
FNH:11
FNDA:4,notifyListeners
FNDA:4,(anonymous_1)
FNDA:3,(anonymous_2)
FNDA:2,beginRequestLoading
FNDA:2,(anonymous_4)
FNDA:2,endRequestLoading
FNDA:2,(anonymous_6)
FNDA:4,subscribeRequestLoading
FNDA:4,(anonymous_8)
FNDA:2,(anonymous_9)
FNDA:2,(anonymous_10)
DA:8,4
DA:9,4
DA:12,4
DA:13,4
DA:15,4
DA:20,2
DA:21,2
DA:22,2
DA:27,2
DA:28,2
DA:29,2
DA:34,4
DA:35,4
DA:36,4
DA:38,3
DA:39,2
DA:40,2
LF:17
LH:17
BRF:0
BRH:0
end_of_record
TN:
SF:services\synchronizerService.ts
FN:34,(anonymous_0)
FN:39,(anonymous_1)
FN:40,(anonymous_2)
FN:45,(anonymous_3)
FN:46,(anonymous_4)
FN:58,(anonymous_5)
FN:67,(anonymous_6)
FN:68,(anonymous_7)
FN:89,(anonymous_8)
FN:90,(anonymous_9)
FN:108,(anonymous_10)
FN:109,(anonymous_11)
FN:112,(anonymous_12)
FN:113,(anonymous_13)
FN:131,(anonymous_14)
FN:131,(anonymous_15)
FN:142,(anonymous_16)
FN:143,(anonymous_17)
FN:146,(anonymous_18)
FN:147,(anonymous_19)
FN:174,(anonymous_20)
FN:175,(anonymous_21)
FN:178,(anonymous_22)
FN:179,(anonymous_23)
FNF:24
FNH:24
FNDA:13,(anonymous_0)
FNDA:13,(anonymous_1)
FNDA:13,(anonymous_2)
FNDA:4,(anonymous_3)
FNDA:4,(anonymous_4)
FNDA:3,(anonymous_5)
FNDA:4,(anonymous_6)
FNDA:4,(anonymous_7)
FNDA:2,(anonymous_8)
FNDA:2,(anonymous_9)
FNDA:4,(anonymous_10)
FNDA:4,(anonymous_11)
FNDA:5,(anonymous_12)
FNDA:3,(anonymous_13)
FNDA:3,(anonymous_14)
FNDA:3,(anonymous_15)
FNDA:2,(anonymous_16)
FNDA:2,(anonymous_17)
FNDA:3,(anonymous_18)
FNDA:2,(anonymous_19)
FNDA:2,(anonymous_20)
FNDA:2,(anonymous_21)
FNDA:3,(anonymous_22)
FNDA:2,(anonymous_23)
DA:35,13
DA:36,13
DA:40,13
DA:41,13
DA:42,13
DA:46,4
DA:47,4
DA:49,3
DA:50,3
DA:51,2
DA:52,2
DA:53,1
DA:54,1
DA:55,1
DA:56,1
DA:59,3
DA:60,1
DA:62,2
DA:68,4
DA:69,4
DA:76,2
DA:78,2
DA:79,2
DA:80,3
DA:81,3
DA:82,2
DA:83,2
DA:90,2
DA:91,2
DA:98,2
DA:100,2
DA:101,2
DA:102,2
DA:103,2
DA:109,4
DA:110,4
DA:111,4
DA:112,5
DA:113,4
DA:115,4
DA:116,1
DA:120,3
DA:128,3
DA:130,3
DA:131,3
DA:132,3
DA:133,3
DA:136,0
DA:143,2
DA:144,2
DA:145,2
DA:146,3
DA:147,2
DA:149,2
DA:150,0
DA:152,2
DA:160,2
DA:162,2
DA:163,2
DA:164,2
DA:165,2
DA:168,0
DA:175,2
DA:176,2
DA:177,2
DA:178,3
DA:179,2
DA:181,2
DA:182,0
DA:184,2
DA:192,2
DA:194,2
DA:195,2
DA:196,2
DA:197,2
DA:200,0
LF:76
LH:71
BRDA:47,0,0,1
BRDA:47,0,1,3
BRDA:50,1,0,1
BRDA:50,1,1,2
BRDA:59,2,0,1
BRDA:59,2,1,2
BRDA:81,3,0,2
BRDA:81,3,1,1
BRDA:115,4,0,1
BRDA:115,4,1,3
BRDA:130,5,0,3
BRDA:130,5,1,0
BRDA:149,6,0,0
BRDA:149,6,1,2
BRDA:162,7,0,2
BRDA:162,7,1,0
BRDA:181,8,0,0
BRDA:181,8,1,2
BRDA:194,9,0,2
BRDA:194,9,1,0
BRF:20
BRH:15
end_of_record
